shared/build/intermediates/manifest_merge_blame_file/debug/manifest-merger-blame-debug-report.txt
1<?xml version="1.0" encoding="utf-8"?>
2<!-- suppress XmlUnusedNamespaceDeclaration -->
3<manifest xmlns:android="http://schemas.android.com/apk/res/android"
4    package="ru.z8.louttsev.bustrainflightmobile.shared" >
5
6    <uses-sdk
7        android:minSdkVersion="21"
7-->src\androidMain\AndroidManifest.xml
8        android:targetSdkVersion="33" />
8-->src\androidMain\AndroidManifest.xml
9
10</manifest>